<?xml version="1.0" encoding="UTF-8"?>
<testsuite xmlns:xsi="http://www.w3.org/2001/XMLSchema-instance" xsi:noNamespaceSchemaLocation="https://maven.apache.org/surefire/maven-surefire-plugin/xsd/surefire-test-report.xsd" name="selenium.ExampleSeleniumTest" time="98.916" tests="26" errors="0" skipped="0" failures="0">
  <properties>
[...]
</properties>
  <testcase name="UC1_Alt1" classname="selenium.ExampleSeleniumTest" time="7.827"/>
  <testcase name="UC1_Main" classname="selenium.ExampleSeleniumTest" time="2.897"/>
  <testcase name="UC2_Main" classname="selenium.ExampleSeleniumTest" time="2.964"/>
  <testcase name="UC3_Alt1" classname="selenium.ExampleSeleniumTest" time="3.1"/>
  <testcase name="UC3_Alt2" classname="selenium.ExampleSeleniumTest" time="3.859"/>
  <testcase name="UC3_Main" classname="selenium.ExampleSeleniumTest" time="2.367"/>
  <testcase name="UC4_Alt1" classname="selenium.ExampleSeleniumTest" time="1.918"/>
  <testcase name="UC4_Alt2" classname="selenium.ExampleSeleniumTest" time="2.457"/>
  <testcase name="UC4_Main" classname="selenium.ExampleSeleniumTest" time="2.472"/>
  <testcase name="UC5_Main" classname="selenium.ExampleSeleniumTest" time="2.44"/>
  <testcase name="F1_Neg" classname="selenium.ExampleSeleniumTest" time="1.82"/>
  <testcase name="F1_pos" classname="selenium.ExampleSeleniumTest" time="2.4"/>
  <testcase name="F2_Neg" classname="selenium.ExampleSeleniumTest" time="11.423"/>
  <testcase name="F2_Pos" classname="selenium.ExampleSeleniumTest" time="1.858"/>
  <testcase name="F3_Neg" classname="selenium.ExampleSeleniumTest" time="1.33"/>
  <testcase name="F3_Pos" classname="selenium.ExampleSeleniumTest" time="1.441"/>
  <testcase name="F4_Neg" classname="selenium.ExampleSeleniumTest" time="1.583"/>
  <testcase name="F4_Pos" classname="selenium.ExampleSeleniumTest" time="2.558"/>
  <testcase name="F5_Neg" classname="selenium.ExampleSeleniumTest" time="2.775"/>
  <testcase name="F5_Pos" classname="selenium.ExampleSeleniumTest" time="2.587"/>
  <testcase name="F6_Neg" classname="selenium.ExampleSeleniumTest" time="1.201"/>
  <testcase name="F6_Pos" classname="selenium.ExampleSeleniumTest" time="1.154"/>
  <testcase name="F7_Neg" classname="selenium.ExampleSeleniumTest" time="28.757"/>
  <testcase name="F7_Pos" classname="selenium.ExampleSeleniumTest" time="2.151"/>
  <testcase name="F8_Neg" classname="selenium.ExampleSeleniumTest" time="1.846"/>
  <testcase name="F8_Pos" classname="selenium.ExampleSeleniumTest" time="1.649"/>
</testsuite>